[2025-11-14 14:35:13][INFO][modules.infra.logging] Logging configured
[2025-11-14 14:35:13][INFO][modules.road.ors_common] ORSConfig init: base_url=https://api.openrouteservice.org timeouts=(8.0,30.0)s retries=3 backoff=0.90s cache=C:\Users\felipeproenca\Documents\workspaces\personal\carbon-footprint\.cache\ors_cache.sqlite ttl=2592000s country=BR profile=driving-hgv snap_404=True radius_m=2500 ua=Cabosupernet-ORSClient/4.0
[2025-11-14 14:35:13][INFO][modules.road.ors_mixins] GEOCODE text="avenida luciano gualberto, 380" country=BR size=1
[2025-11-14 14:42:13][INFO][modules.infra.logging] Logging configured
[2025-11-14 14:42:13][INFO][modules.road.ors_common] ORSConfig init: base_url=https://api.openrouteservice.org timeouts=(8.0,30.0)s retries=3 backoff=0.90s cache=C:\Users\felipeproenca\Documents\workspaces\personal\carbon-footprint\.cache\ors_cache.sqlite ttl=2592000s country=BR profile=driving-hgv snap_404=True radius_m=2500 ua=Cabosupernet-ORSClient/4.0
[2025-11-14 14:42:13][INFO][modules.road.ors_mixins] GEOCODE text="avenida luciano gualberto, 380" country=BR size=1
[2025-11-14 14:42:13][INFO][modules.road.ors_mixins] GEOCODE structured params={"address": "1000 Av. Paulista", "country": "BR", "locality": "São Paulo", "region": "SP", "size": 1}
[2025-11-14 14:42:13][INFO][modules.road.ors_mixins] GEOCODE text="avenida luciano gualberto, 380" country=BR size=1
[2025-11-14 14:42:13][INFO][modules.road.ors_mixins] GEOCODE text="Curitiba, PR" country=BR size=1
[2025-11-14 14:42:13][INFO][modules.road.ors_mixins] GEOCODE text="São Paulo, SP" country=BR size=1
[2025-11-14 14:42:13][INFO][modules.road.ors_mixins] GEOCODE text="Curitiba, PR" country=BR size=1
[2025-11-14 14:44:19][INFO][modules.infra.logging] Logging configured
[2025-11-14 14:44:19][INFO][modules.road.ors_common] ORSConfig init: base_url=https://api.openrouteservice.org timeouts=(8.0,30.0)s retries=3 backoff=0.90s cache=C:\Users\felipeproenca\Documents\workspaces\personal\carbon-footprint\.cache\ors_cache.sqlite ttl=2592000s country=BR profile=driving-hgv snap_404=True radius_m=2500 ua=Cabosupernet-ORSClient/4.0
[2025-11-14 14:44:19][INFO][modules.road.ors_mixins] GEOCODE text="avenida luciano gualberto, 380" country=BR size=1
[2025-11-14 14:44:19][INFO][modules.road.ors_mixins] GEOCODE structured params={"address": "1000 Av. Paulista", "country": "BR", "locality": "São Paulo", "region": "SP", "size": 1}
[2025-11-14 14:44:19][INFO][modules.road.ors_mixins] GEOCODE text="avenida luciano gualberto, 380" country=BR size=1
[2025-11-14 14:44:19][INFO][modules.road.ors_mixins] GEOCODE text="Curitiba, PR" country=BR size=1
[2025-11-14 14:44:19][INFO][modules.road.ors_mixins] GEOCODE text="São Paulo, SP" country=BR size=1
[2025-11-14 14:44:19][INFO][modules.road.ors_mixins] GEOCODE text="Curitiba, PR" country=BR size=1
[2025-11-14 14:49:06][INFO][modules.infra.logging] Logging configured
[2025-11-14 14:49:06][INFO][modules.road.ors_common] ORSConfig init: base_url=https://api.openrouteservice.org timeouts=(8.0,30.0)s retries=3 backoff=0.90s cache=C:\Users\felipeproenca\Documents\workspaces\personal\carbon-footprint\.cache\ors_cache.sqlite ttl=2592000s country=BR profile=driving-hgv snap_404=True radius_m=2500 ua=Cabosupernet-ORSClient/4.0
[2025-11-14 14:49:06][INFO][modules.road.ors_mixins] GEOCODE text="avenida luciano gualberto, 380" country=BR size=1
[2025-11-14 14:49:06][INFO][modules.road.ors_mixins] GEOCODE structured params={"address": "1000 Av. Paulista", "country": "BR", "locality": "São Paulo", "region": "SP", "size": 1}
[2025-11-14 14:49:06][INFO][modules.road.ors_mixins] GEOCODE text="avenida luciano gualberto, 380" country=BR size=1
[2025-11-14 14:49:06][INFO][modules.road.ors_mixins] GEOCODE text="Curitiba, PR" country=BR size=1
[2025-11-14 14:49:06][INFO][modules.road.ors_mixins] ROUTE try1 driving-hgv coords=[[-46.730133, -23.555673], [-49.280018, -25.459935]]
[2025-11-14 14:49:06][INFO][modules.road.ors_mixins] ROUTE ok driving-hgv dist=405468.4m dur=22924s
[2025-11-14 14:49:06][INFO][modules.road.ors_mixins] GEOCODE text="São Paulo, SP" country=BR size=1
[2025-11-14 14:49:06][INFO][modules.road.ors_mixins] GEOCODE text="Curitiba, PR" country=BR size=1
[2025-11-14 14:49:06][INFO][modules.road.ors_mixins] MATRIX driving-hgv n_origins=1 n_destinations=1
[2025-11-14 14:49:58][INFO][modules.infra.logging] Logging configured
[2025-11-14 14:49:58][INFO][modules.road.ors_common] ORSConfig init: base_url=https://api.openrouteservice.org timeouts=(8.0,30.0)s retries=3 backoff=0.90s cache=C:\Users\felipeproenca\Documents\workspaces\personal\carbon-footprint\.cache\ors_cache.sqlite ttl=2592000s country=BR profile=driving-hgv snap_404=True radius_m=2500 ua=Cabosupernet-ORSClient/4.0
[2025-11-14 14:49:58][INFO][modules.road.ors_mixins] GEOCODE text="avenida luciano gualberto, 380" country=BR size=1
[2025-11-14 14:49:58][INFO][modules.road.ors_mixins] GEOCODE structured params={"address": "1000 Av. Paulista", "country": "BR", "locality": "São Paulo", "region": "SP", "size": 1}
[2025-11-14 14:49:58][INFO][modules.road.ors_mixins] GEOCODE text="avenida luciano gualberto, 380" country=BR size=1
[2025-11-14 14:49:58][INFO][modules.road.ors_mixins] GEOCODE text="Curitiba, PR" country=BR size=1
[2025-11-14 14:49:58][INFO][modules.road.ors_mixins] ROUTE try1 driving-hgv coords=[[-46.730133, -23.555673], [-49.280018, -25.459935]]
[2025-11-14 14:49:58][INFO][modules.road.ors_mixins] ROUTE ok driving-hgv dist=405468.4m dur=22924s
[2025-11-14 14:49:58][INFO][modules.road.ors_mixins] GEOCODE text="São Paulo, SP" country=BR size=1
[2025-11-14 14:49:58][INFO][modules.road.ors_mixins] GEOCODE text="Curitiba, PR" country=BR size=1
[2025-11-14 14:49:58][INFO][modules.road.ors_mixins] MATRIX driving-hgv n_origins=1 n_destinations=1
